九月 26, 2013 11:34:55 下午 org.apache.catalina.core.ApplicationContext log
INFO: ContextListener: contextInitialized()
九月 26, 2013 11:34:55 下午 org.apache.catalina.core.ApplicationContext log
INFO: SessionListener: contextInitialized()
九月 26, 2013 11:34:55 下午 org.apache.catalina.core.ApplicationContext log
INFO: ContextListener: attributeAdded('org.apache.jasper.compiler.TldLocationsCache', 'org.apache.jasper.compiler.TldLocationsCache@595a37ef')
九月 26, 2013 11:36:13 下午 org.apache.catalina.core.ApplicationContext log
INFO: SessionListener: contextDestroyed()
九月 26, 2013 11:36:13 下午 org.apache.catalina.core.ApplicationContext log
INFO: ContextListener: contextDestroyed()
九月 26, 2013 11:36:23 下午 org.apache.catalina.core.ApplicationContext log
INFO: ContextListener: contextInitialized()
九月 26, 2013 11:36:23 下午 org.apache.catalina.core.ApplicationContext log
INFO: SessionListener: contextInitialized()
九月 26, 2013 11:36:23 下午 org.apache.catalina.core.ApplicationContext log
INFO: ContextListener: attributeAdded('org.apache.jasper.compiler.TldLocationsCache', 'org.apache.jasper.compiler.TldLocationsCache@841a0b4')
九月 26, 2013 11:40:06 下午 org.apache.catalina.core.ApplicationContext log
INFO: SessionListener: contextDestroyed()
九月 26, 2013 11:40:06 下午 org.apache.catalina.core.ApplicationContext log
INFO: ContextListener: contextDestroyed()
九月 26, 2013 11:40:22 下午 org.apache.catalina.core.ApplicationContext log
INFO: ContextListener: contextInitialized()
九月 26, 2013 11:40:22 下午 org.apache.catalina.core.ApplicationContext log
INFO: SessionListener: contextInitialized()
九月 26, 2013 11:40:22 下午 org.apache.catalina.core.ApplicationContext log
INFO: ContextListener: attributeAdded('org.apache.jasper.compiler.TldLocationsCache', 'org.apache.jasper.compiler.TldLocationsCache@320e59bd')
九月 26, 2013 11:41:37 下午 org.apache.catalina.core.ApplicationContext log
INFO: SessionListener: contextDestroyed()
九月 26, 2013 11:41:37 下午 org.apache.catalina.core.ApplicationContext log
INFO: ContextListener: contextDestroyed()
九月 26, 2013 11:41:41 下午 org.apache.catalina.core.ApplicationContext log
INFO: ContextListener: contextInitialized()
九月 26, 2013 11:41:41 下午 org.apache.catalina.core.ApplicationContext log
INFO: SessionListener: contextInitialized()
九月 26, 2013 11:41:41 下午 org.apache.catalina.core.ApplicationContext log
INFO: ContextListener: attributeAdded('org.apache.jasper.compiler.TldLocationsCache', 'org.apache.jasper.compiler.TldLocationsCache@2c1f437e')
九月 26, 2013 11:42:45 下午 org.apache.catalina.core.ApplicationContext log
INFO: SessionListener: contextDestroyed()
九月 26, 2013 11:42:45 下午 org.apache.catalina.core.ApplicationContext log
INFO: ContextListener: contextDestroyed()
九月 26, 2013 11:42:57 下午 org.apache.catalina.core.ApplicationContext log
INFO: ContextListener: contextInitialized()
九月 26, 2013 11:42:57 下午 org.apache.catalina.core.ApplicationContext log
INFO: SessionListener: contextInitialized()
九月 26, 2013 11:42:57 下午 org.apache.catalina.core.ApplicationContext log
INFO: ContextListener: attributeAdded('org.apache.jasper.compiler.TldLocationsCache', 'org.apache.jasper.compiler.TldLocationsCache@595a37ef')
九月 26, 2013 11:43:50 下午 org.apache.catalina.core.ApplicationContext log
INFO: No Spring WebApplicationInitializer types detected on classpath
九月 26, 2013 11:43:50 下午 org.apache.catalina.core.ApplicationContext log
INFO: Initializing Spring root WebApplicationContext
九月 26, 2013 11:43:59 下午 org.apache.catalina.core.StandardWrapperValve invoke
SEVERE: Servlet.service() for servlet [InletServlet] in context with path [/xbus] threw exception [Filtered request failed.] with root cause
java.sql.SQLException: Access denied for user 'xbus'@'localhost' (using password: YES)
	at com.mysql.jdbc.SQLError.createSQLException(SQLError.java:1078)
	at com.mysql.jdbc.MysqlIO.checkErrorPacket(MysqlIO.java:4190)
	at com.mysql.jdbc.MysqlIO.checkErrorPacket(MysqlIO.java:4122)
	at com.mysql.jdbc.MysqlIO.checkErrorPacket(MysqlIO.java:927)
	at com.mysql.jdbc.MysqlIO.proceedHandshakeWithPluggableAuthentication(MysqlIO.java:1709)
	at com.mysql.jdbc.MysqlIO.doHandshake(MysqlIO.java:1252)
	at com.mysql.jdbc.ConnectionImpl.coreConnect(ConnectionImpl.java:2486)
	at com.mysql.jdbc.ConnectionImpl.connectOneTryOnly(ConnectionImpl.java:2519)
	at com.mysql.jdbc.ConnectionImpl.createNewIO(ConnectionImpl.java:2304)
	at com.mysql.jdbc.ConnectionImpl.<init>(ConnectionImpl.java:834)
	at com.mysql.jdbc.JDBC4Connection.<init>(JDBC4Connection.java:47)
	at sun.reflect.NativeConstructorAccessorImpl.newInstance0(Native Method)
	at sun.reflect.NativeConstructorAccessorImpl.newInstance(NativeConstructorAccessorImpl.java:57)
	at sun.reflect.DelegatingConstructorAccessorImpl.newInstance(DelegatingConstructorAccessorImpl.java:45)
	at java.lang.reflect.Constructor.newInstance(Constructor.java:526)
	at com.mysql.jdbc.Util.handleNewInstance(Util.java:411)
	at com.mysql.jdbc.ConnectionImpl.getInstance(ConnectionImpl.java:416)
	at com.mysql.jdbc.NonRegisteringDriver.connect(NonRegisteringDriver.java:346)
	at java.sql.DriverManager.getConnection(DriverManager.java:571)
	at java.sql.DriverManager.getConnection(DriverManager.java:187)
	at org.springframework.jdbc.datasource.DriverManagerDataSource.getConnectionFromDriverManager(DriverManagerDataSource.java:173)
	at org.springframework.jdbc.datasource.DriverManagerDataSource.getConnectionFromDriver(DriverManagerDataSource.java:164)
	at org.springframework.jdbc.datasource.AbstractDriverBasedDataSource.getConnectionFromDriver(AbstractDriverBasedDataSource.java:153)
	at org.springframework.jdbc.datasource.AbstractDriverBasedDataSource.getConnection(AbstractDriverBasedDataSource.java:119)
	at org.springframework.orm.hibernate3.LocalDataSourceConnectionProvider.getConnection(LocalDataSourceConnectionProvider.java:83)
	at org.hibernate.jdbc.ConnectionManager.openConnection(ConnectionManager.java:446)
	at org.hibernate.jdbc.ConnectionManager.getConnection(ConnectionManager.java:167)
	at org.hibernate.jdbc.AbstractBatcher.prepareQueryStatement(AbstractBatcher.java:161)
	at org.hibernate.loader.Loader.prepareQueryStatement(Loader.java:1700)
	at org.hibernate.loader.Loader.doQuery(Loader.java:801)
	at org.hibernate.loader.Loader.doQueryAndInitializeNonLazyCollections(Loader.java:274)
	at org.hibernate.loader.Loader.doList(Loader.java:2542)
	at org.hibernate.loader.Loader.listIgnoreQueryCache(Loader.java:2276)
	at org.hibernate.loader.Loader.list(Loader.java:2271)
	at org.hibernate.loader.criteria.CriteriaLoader.list(CriteriaLoader.java:119)
	at org.hibernate.impl.SessionImpl.list(SessionImpl.java:1716)
	at org.hibernate.impl.CriteriaImpl.list(CriteriaImpl.java:347)
	at org.hibernate.impl.CriteriaImpl.uniqueResult(CriteriaImpl.java:369)
	at org.zengsource.util.spring.dao.orm.Hibernate3DaoTemplate$6.doInHibernate(Hibernate3DaoTemplate.java:299)
	at org.springframework.orm.hibernate3.HibernateTemplate.doExecute(HibernateTemplate.java:406)
	at org.springframework.orm.hibernate3.HibernateTemplate.execute(HibernateTemplate.java:339)
	at org.zengsource.util.spring.dao.orm.Hibernate3DaoTemplate.queryUnique(Hibernate3DaoTemplate.java:294)
	at org.zengsource.util.spring.dao.orm.Hibernate3DaoTemplate.queryUnique(Hibernate3DaoTemplate.java:322)
	at com.zengsource.xbus.system.service.ConfigurationServiceImpl.getConfigByKey(ConfigurationServiceImpl.java:155)
	at com.zengsource.xbus.system.service.ConfigurationServiceImpl.uninitialized(ConfigurationServiceImpl.java:36)
	at com.zengsource.xbus.system.web.SyncAction.doService(SyncAction.java:39)
	at org.zengsource.mvc.action.AbstractAction.doRun(AbstractAction.java:89)
	at org.zengsource.mvc.InletServlet.doAction(InletServlet.java:159)
	at org.zengsource.mvc.InletServlet.doGet(InletServlet.java:104)
	at javax.servlet.http.HttpServlet.service(HttpServlet.java:621)
	at javax.servlet.http.HttpServlet.service(HttpServlet.java:728)
	at org.apache.catalina.core.ApplicationFilterChain.internalDoFilter(ApplicationFilterChain.java:305)
	at org.apache.catalina.core.ApplicationFilterChain.doFilter(ApplicationFilterChain.java:210)
	at org.apache.shiro.web.servlet.AbstractShiroFilter.executeChain(AbstractShiroFilter.java:449)
	at org.apache.shiro.web.servlet.AbstractShiroFilter$1.call(AbstractShiroFilter.java:365)
	at org.apache.shiro.subject.support.SubjectCallable.doCall(SubjectCallable.java:90)
	at org.apache.shiro.subject.support.SubjectCallable.call(SubjectCallable.java:83)
	at org.apache.shiro.subject.support.DelegatingSubject.execute(DelegatingSubject.java:383)
	at org.apache.shiro.web.servlet.AbstractShiroFilter.doFilterInternal(AbstractShiroFilter.java:362)
	at org.apache.shiro.web.servlet.OncePerRequestFilter.doFilter(OncePerRequestFilter.java:125)
	at org.springframework.web.filter.DelegatingFilterProxy.invokeDelegate(DelegatingFilterProxy.java:343)
	at org.springframework.web.filter.DelegatingFilterProxy.doFilter(DelegatingFilterProxy.java:260)
	at org.apache.catalina.core.ApplicationFilterChain.internalDoFilter(ApplicationFilterChain.java:243)
	at org.apache.catalina.core.ApplicationFilterChain.doFilter(ApplicationFilterChain.java:210)
	at org.apache.catalina.core.StandardWrapperValve.invoke(StandardWrapperValve.java:222)
	at org.apache.catalina.core.StandardContextValve.invoke(StandardContextValve.java:123)
	at org.apache.catalina.authenticator.AuthenticatorBase.invoke(AuthenticatorBase.java:502)
	at org.apache.catalina.core.StandardHostValve.invoke(StandardHostValve.java:171)
	at org.apache.catalina.valves.ErrorReportValve.invoke(ErrorReportValve.java:99)
	at org.apache.catalina.valves.AccessLogValve.invoke(AccessLogValve.java:953)
	at org.apache.catalina.core.StandardEngineValve.invoke(StandardEngineValve.java:118)
	at org.apache.catalina.connector.CoyoteAdapter.service(CoyoteAdapter.java:408)
	at org.apache.coyote.http11.AbstractHttp11Processor.process(AbstractHttp11Processor.java:1023)
	at org.apache.coyote.AbstractProtocol$AbstractConnectionHandler.process(AbstractProtocol.java:589)
	at org.apache.tomcat.util.net.JIoEndpoint$SocketProcessor.run(JIoEndpoint.java:312)
	at java.util.concurrent.ThreadPoolExecutor.runWorker(ThreadPoolExecutor.java:1145)
	at java.util.concurrent.ThreadPoolExecutor$Worker.run(ThreadPoolExecutor.java:615)
	at java.lang.Thread.run(Thread.java:724)

九月 26, 2013 11:54:52 下午 org.apache.catalina.core.ApplicationContext log
INFO: Closing Spring root WebApplicationContext
九月 26, 2013 11:54:52 下午 org.apache.catalina.core.ApplicationContext log
INFO: SessionListener: contextDestroyed()
九月 26, 2013 11:54:52 下午 org.apache.catalina.core.ApplicationContext log
INFO: ContextListener: contextDestroyed()
