三月 22, 2014 9:04:58 上午 org.apache.catalina.core.StandardServer await
INFO: A valid shutdown command was received via the shutdown port. Stopping the Server instance.
三月 22, 2014 9:04:58 上午 org.apache.coyote.AbstractProtocol pause
INFO: Pausing ProtocolHandler ["http-bio-8080"]
三月 22, 2014 9:04:58 上午 org.apache.coyote.AbstractProtocol pause
INFO: Pausing ProtocolHandler ["ajp-bio-8009"]
三月 22, 2014 9:04:58 上午 org.apache.catalina.core.StandardService stopInternal
INFO: Stopping service Catalina
三月 22, 2014 9:04:58 上午 org.apache.catalina.loader.WebappClassLoader clearReferencesJdbc
SEVERE: The web application [/xbus] registered the JDBC driver [com.mysql.jdbc.Driver] but failed to unregister it when the web application was stopped. To prevent a memory leak, the JDBC Driver has been forcibly unregistered.
三月 22, 2014 9:04:58 上午 org.apache.catalina.loader.WebappClassLoader clearReferencesThreads
SEVERE: The web application [/xbus] appears to have started a thread named [Abandoned connection cleanup thread] but has failed to stop it. This is very likely to create a memory leak.
三月 22, 2014 9:04:58 上午 org.apache.catalina.loader.WebappClassLoader checkThreadLocalMapForLeaks
SEVERE: The web application [/xbus] created a ThreadLocal with key of type [java.lang.ThreadLocal] (value [java.lang.ThreadLocal@3233273d]) and a value of type [org.zengsource.mvc.MvcContext] (value [org.zengsource.mvc.MvcContext@3c552f8a]) but failed to remove it when the web application was stopped. Threads are going to be renewed over time to try and avoid a probable memory leak.
三月 22, 2014 9:04:58 上午 org.apache.catalina.loader.WebappClassLoader checkThreadLocalMapForLeaks
SEVERE: The web application [/xbus] created a ThreadLocal with key of type [java.lang.ThreadLocal] (value [java.lang.ThreadLocal@3233273d]) and a value of type [org.zengsource.mvc.MvcContext] (value [org.zengsource.mvc.MvcContext@7ca42bf7]) but failed to remove it when the web application was stopped. Threads are going to be renewed over time to try and avoid a probable memory leak.
三月 22, 2014 9:04:58 上午 org.apache.catalina.loader.WebappClassLoader checkThreadLocalMapForLeaks
SEVERE: The web application [/xbus] created a ThreadLocal with key of type [java.lang.ThreadLocal] (value [java.lang.ThreadLocal@3233273d]) and a value of type [org.zengsource.mvc.MvcContext] (value [org.zengsource.mvc.MvcContext@7e42a50e]) but failed to remove it when the web application was stopped. Threads are going to be renewed over time to try and avoid a probable memory leak.
三月 22, 2014 9:04:58 上午 org.apache.coyote.AbstractProtocol stop
INFO: Stopping ProtocolHandler ["http-bio-8080"]
三月 22, 2014 9:04:58 上午 org.apache.coyote.AbstractProtocol stop
INFO: Stopping ProtocolHandler ["ajp-bio-8009"]
三月 22, 2014 9:04:58 上午 org.apache.coyote.AbstractProtocol destroy
INFO: Destroying ProtocolHandler ["http-bio-8080"]
三月 22, 2014 9:04:58 上午 org.apache.coyote.AbstractProtocol destroy
INFO: Destroying ProtocolHandler ["ajp-bio-8009"]
