九月 27, 2013 12:02:00 上午 org.apache.catalina.core.AprLifecycleListener init
INFO: The APR based Apache Tomcat Native library which allows optimal performance in production environments was not found on the java.library.path: /Users/zengsn/Library/Java/Extensions:/Library/Java/Extensions:/Network/Library/Java/Extensions:/System/Library/Java/Extensions:/usr/lib/java:.
九月 27, 2013 12:02:00 上午 org.apache.coyote.AbstractProtocol init
INFO: Initializing ProtocolHandler ["http-bio-8080"]
九月 27, 2013 12:02:00 上午 org.apache.coyote.AbstractProtocol init
INFO: Initializing ProtocolHandler ["ajp-bio-8009"]
九月 27, 2013 12:02:00 上午 org.apache.catalina.startup.Catalina load
INFO: Initialization processed in 789 ms
九月 27, 2013 12:02:00 上午 org.apache.catalina.core.StandardService startInternal
INFO: Starting service Catalina
九月 27, 2013 12:02:00 上午 org.apache.catalina.core.StandardEngine startInternal
INFO: Starting Servlet Engine: Apache Tomcat/7.0.42
九月 27, 2013 12:02:00 上午 org.apache.catalina.startup.HostConfig deployWAR
INFO: Deploying web application archive /Users/zengsn/Develop/apache-tomcat-7.0.42/webapps/xbus.war
九月 27, 2013 12:02:01 上午 org.apache.catalina.loader.WebappClassLoader validateJarFile
INFO: validateJarFile(/Users/zengsn/Develop/apache-tomcat-7.0.42/webapps/xbus/WEB-INF/lib/servlet-api-2.4.jar) - jar not loaded. See Servlet Spec 2.3, section 9.7.2. Offending class: javax/servlet/Servlet.class
九月 27, 2013 12:02:08 上午 org.apache.catalina.startup.HostConfig deployDirectory
INFO: Deploying web application directory /Users/zengsn/Develop/apache-tomcat-7.0.42/webapps/docs
九月 27, 2013 12:02:08 上午 org.apache.catalina.startup.HostConfig deployDirectory
INFO: Deploying web application directory /Users/zengsn/Develop/apache-tomcat-7.0.42/webapps/examples
九月 27, 2013 12:02:08 上午 org.apache.catalina.startup.HostConfig deployDirectory
INFO: Deploying web application directory /Users/zengsn/Develop/apache-tomcat-7.0.42/webapps/host-manager
九月 27, 2013 12:02:09 上午 org.apache.catalina.startup.HostConfig deployDirectory
INFO: Deploying web application directory /Users/zengsn/Develop/apache-tomcat-7.0.42/webapps/manager
九月 27, 2013 12:02:09 上午 org.apache.catalina.startup.HostConfig deployDirectory
INFO: Deploying web application directory /Users/zengsn/Develop/apache-tomcat-7.0.42/webapps/ROOT
九月 27, 2013 12:02:09 上午 org.apache.coyote.AbstractProtocol start
INFO: Starting ProtocolHandler ["http-bio-8080"]
九月 27, 2013 12:02:09 上午 org.apache.coyote.AbstractProtocol start
INFO: Starting ProtocolHandler ["ajp-bio-8009"]
九月 27, 2013 12:02:09 上午 org.apache.catalina.startup.Catalina start
INFO: Server startup in 8165 ms
九月 27, 2013 12:06:58 上午 org.apache.catalina.core.StandardServer await
INFO: A valid shutdown command was received via the shutdown port. Stopping the Server instance.
九月 27, 2013 12:06:58 上午 org.apache.coyote.AbstractProtocol pause
INFO: Pausing ProtocolHandler ["http-bio-8080"]
九月 27, 2013 12:06:58 上午 org.apache.coyote.AbstractProtocol pause
INFO: Pausing ProtocolHandler ["ajp-bio-8009"]
九月 27, 2013 12:06:58 上午 org.apache.catalina.core.StandardService stopInternal
INFO: Stopping service Catalina
九月 27, 2013 12:06:58 上午 org.apache.catalina.loader.WebappClassLoader clearReferencesJdbc
SEVERE: The web application [/xbus] registered the JDBC driver [com.mysql.jdbc.Driver] but failed to unregister it when the web application was stopped. To prevent a memory leak, the JDBC Driver has been forcibly unregistered.
九月 27, 2013 12:06:58 上午 org.apache.catalina.loader.WebappClassLoader clearReferencesThreads
SEVERE: The web application [/xbus] appears to have started a thread named [Abandoned connection cleanup thread] but has failed to stop it. This is very likely to create a memory leak.
九月 27, 2013 12:06:58 上午 org.apache.catalina.loader.WebappClassLoader checkThreadLocalMapForLeaks
SEVERE: The web application [/xbus] created a ThreadLocal with key of type [java.lang.ThreadLocal] (value [java.lang.ThreadLocal@6e12796b]) and a value of type [org.zengsource.mvc.MvcContext] (value [org.zengsource.mvc.MvcContext@7ee19841]) but failed to remove it when the web application was stopped. Threads are going to be renewed over time to try and avoid a probable memory leak.
九月 27, 2013 12:06:58 上午 org.apache.catalina.loader.WebappClassLoader checkThreadLocalMapForLeaks
SEVERE: The web application [/xbus] created a ThreadLocal with key of type [java.lang.ThreadLocal] (value [java.lang.ThreadLocal@6e12796b]) and a value of type [org.zengsource.mvc.MvcContext] (value [org.zengsource.mvc.MvcContext@cd3147b]) but failed to remove it when the web application was stopped. Threads are going to be renewed over time to try and avoid a probable memory leak.
九月 27, 2013 12:06:58 上午 org.apache.catalina.loader.WebappClassLoader checkThreadLocalMapForLeaks
SEVERE: The web application [/xbus] created a ThreadLocal with key of type [java.lang.ThreadLocal] (value [java.lang.ThreadLocal@6e12796b]) and a value of type [org.zengsource.mvc.MvcContext] (value [org.zengsource.mvc.MvcContext@75e59dd0]) but failed to remove it when the web application was stopped. Threads are going to be renewed over time to try and avoid a probable memory leak.
九月 27, 2013 12:06:58 上午 org.apache.catalina.loader.WebappClassLoader checkThreadLocalMapForLeaks
SEVERE: The web application [/xbus] created a ThreadLocal with key of type [java.lang.ThreadLocal] (value [java.lang.ThreadLocal@6e12796b]) and a value of type [org.zengsource.mvc.MvcContext] (value [org.zengsource.mvc.MvcContext@35dbff28]) but failed to remove it when the web application was stopped. Threads are going to be renewed over time to try and avoid a probable memory leak.
九月 27, 2013 12:06:58 上午 org.apache.catalina.loader.WebappClassLoader checkThreadLocalMapForLeaks
SEVERE: The web application [/xbus] created a ThreadLocal with key of type [java.lang.ThreadLocal] (value [java.lang.ThreadLocal@6e12796b]) and a value of type [org.zengsource.mvc.MvcContext] (value [org.zengsource.mvc.MvcContext@7e4cb6b7]) but failed to remove it when the web application was stopped. Threads are going to be renewed over time to try and avoid a probable memory leak.
九月 27, 2013 12:06:58 上午 org.apache.catalina.loader.WebappClassLoader checkThreadLocalMapForLeaks
SEVERE: The web application [/xbus] created a ThreadLocal with key of type [java.lang.ThreadLocal] (value [java.lang.ThreadLocal@6e12796b]) and a value of type [org.zengsource.mvc.MvcContext] (value [org.zengsource.mvc.MvcContext@5e6fe928]) but failed to remove it when the web application was stopped. Threads are going to be renewed over time to try and avoid a probable memory leak.
九月 27, 2013 12:06:58 上午 org.apache.coyote.AbstractProtocol stop
INFO: Stopping ProtocolHandler ["http-bio-8080"]
九月 27, 2013 12:06:58 上午 org.apache.coyote.AbstractProtocol stop
INFO: Stopping ProtocolHandler ["ajp-bio-8009"]
九月 27, 2013 12:06:58 上午 org.apache.coyote.AbstractProtocol destroy
INFO: Destroying ProtocolHandler ["http-bio-8080"]
九月 27, 2013 12:06:58 上午 org.apache.coyote.AbstractProtocol destroy
INFO: Destroying ProtocolHandler ["ajp-bio-8009"]
九月 27, 2013 12:07:02 上午 org.apache.catalina.core.AprLifecycleListener init
INFO: The APR based Apache Tomcat Native library which allows optimal performance in production environments was not found on the java.library.path: /Users/zengsn/Library/Java/Extensions:/Library/Java/Extensions:/Network/Library/Java/Extensions:/System/Library/Java/Extensions:/usr/lib/java:.
九月 27, 2013 12:07:03 上午 org.apache.coyote.AbstractProtocol init
INFO: Initializing ProtocolHandler ["http-bio-8080"]
九月 27, 2013 12:07:03 上午 org.apache.coyote.AbstractProtocol init
INFO: Initializing ProtocolHandler ["ajp-bio-8009"]
九月 27, 2013 12:07:03 上午 org.apache.catalina.startup.Catalina load
INFO: Initialization processed in 740 ms
九月 27, 2013 12:07:03 上午 org.apache.catalina.core.StandardService startInternal
INFO: Starting service Catalina
九月 27, 2013 12:07:03 上午 org.apache.catalina.core.StandardEngine startInternal
INFO: Starting Servlet Engine: Apache Tomcat/7.0.42
九月 27, 2013 12:07:03 上午 org.apache.catalina.startup.HostConfig deployWAR
INFO: Deploying web application archive /Users/zengsn/Develop/apache-tomcat-7.0.42/webapps/xbus.war
九月 27, 2013 12:07:03 上午 org.apache.catalina.loader.WebappClassLoader validateJarFile
INFO: validateJarFile(/Users/zengsn/Develop/apache-tomcat-7.0.42/webapps/xbus/WEB-INF/lib/servlet-api-2.4.jar) - jar not loaded. See Servlet Spec 2.3, section 9.7.2. Offending class: javax/servlet/Servlet.class
九月 27, 2013 12:07:12 上午 org.apache.catalina.startup.HostConfig deployDirectory
INFO: Deploying web application directory /Users/zengsn/Develop/apache-tomcat-7.0.42/webapps/docs
九月 27, 2013 12:07:12 上午 org.apache.catalina.startup.HostConfig deployDirectory
INFO: Deploying web application directory /Users/zengsn/Develop/apache-tomcat-7.0.42/webapps/examples
九月 27, 2013 12:07:12 上午 org.apache.catalina.startup.HostConfig deployDirectory
INFO: Deploying web application directory /Users/zengsn/Develop/apache-tomcat-7.0.42/webapps/host-manager
九月 27, 2013 12:07:12 上午 org.apache.catalina.startup.HostConfig deployDirectory
INFO: Deploying web application directory /Users/zengsn/Develop/apache-tomcat-7.0.42/webapps/manager
九月 27, 2013 12:07:12 上午 org.apache.catalina.startup.HostConfig deployDirectory
INFO: Deploying web application directory /Users/zengsn/Develop/apache-tomcat-7.0.42/webapps/ROOT
九月 27, 2013 12:07:12 上午 org.apache.coyote.AbstractProtocol start
INFO: Starting ProtocolHandler ["http-bio-8080"]
九月 27, 2013 12:07:12 上午 org.apache.coyote.AbstractProtocol start
INFO: Starting ProtocolHandler ["ajp-bio-8009"]
九月 27, 2013 12:07:12 上午 org.apache.catalina.startup.Catalina start
INFO: Server startup in 9495 ms
九月 27, 2013 12:09:03 上午 org.apache.catalina.core.StandardServer await
INFO: A valid shutdown command was received via the shutdown port. Stopping the Server instance.
九月 27, 2013 12:09:03 上午 org.apache.coyote.AbstractProtocol pause
INFO: Pausing ProtocolHandler ["http-bio-8080"]
九月 27, 2013 12:09:03 上午 org.apache.coyote.AbstractProtocol pause
INFO: Pausing ProtocolHandler ["ajp-bio-8009"]
九月 27, 2013 12:09:03 上午 org.apache.catalina.core.StandardService stopInternal
INFO: Stopping service Catalina
九月 27, 2013 12:09:03 上午 org.apache.catalina.loader.WebappClassLoader clearReferencesJdbc
SEVERE: The web application [/xbus] registered the JDBC driver [com.mysql.jdbc.Driver] but failed to unregister it when the web application was stopped. To prevent a memory leak, the JDBC Driver has been forcibly unregistered.
九月 27, 2013 12:09:03 上午 org.apache.catalina.loader.WebappClassLoader clearReferencesThreads
SEVERE: The web application [/xbus] appears to have started a thread named [Abandoned connection cleanup thread] but has failed to stop it. This is very likely to create a memory leak.
九月 27, 2013 12:09:03 上午 org.apache.catalina.loader.WebappClassLoader checkThreadLocalMapForLeaks
SEVERE: The web application [/xbus] created a ThreadLocal with key of type [java.lang.ThreadLocal] (value [java.lang.ThreadLocal@36ee64e9]) and a value of type [org.zengsource.mvc.MvcContext] (value [org.zengsource.mvc.MvcContext@5d23192b]) but failed to remove it when the web application was stopped. Threads are going to be renewed over time to try and avoid a probable memory leak.
九月 27, 2013 12:09:03 上午 org.apache.catalina.loader.WebappClassLoader checkThreadLocalMapForLeaks
SEVERE: The web application [/xbus] created a ThreadLocal with key of type [java.lang.ThreadLocal] (value [java.lang.ThreadLocal@36ee64e9]) and a value of type [org.zengsource.mvc.MvcContext] (value [org.zengsource.mvc.MvcContext@2b4985d2]) but failed to remove it when the web application was stopped. Threads are going to be renewed over time to try and avoid a probable memory leak.
九月 27, 2013 12:09:03 上午 org.apache.catalina.loader.WebappClassLoader checkThreadLocalMapForLeaks
SEVERE: The web application [/xbus] created a ThreadLocal with key of type [java.lang.ThreadLocal] (value [java.lang.ThreadLocal@36ee64e9]) and a value of type [org.zengsource.mvc.MvcContext] (value [org.zengsource.mvc.MvcContext@67f0b431]) but failed to remove it when the web application was stopped. Threads are going to be renewed over time to try and avoid a probable memory leak.
九月 27, 2013 12:09:03 上午 org.apache.catalina.loader.WebappClassLoader checkThreadLocalMapForLeaks
SEVERE: The web application [/xbus] created a ThreadLocal with key of type [java.lang.ThreadLocal] (value [java.lang.ThreadLocal@36ee64e9]) and a value of type [org.zengsource.mvc.MvcContext] (value [org.zengsource.mvc.MvcContext@6bc63246]) but failed to remove it when the web application was stopped. Threads are going to be renewed over time to try and avoid a probable memory leak.
九月 27, 2013 12:09:03 上午 org.apache.coyote.AbstractProtocol stop
INFO: Stopping ProtocolHandler ["http-bio-8080"]
九月 27, 2013 12:09:03 上午 org.apache.coyote.AbstractProtocol stop
INFO: Stopping ProtocolHandler ["ajp-bio-8009"]
九月 27, 2013 12:09:03 上午 org.apache.coyote.AbstractProtocol destroy
INFO: Destroying ProtocolHandler ["http-bio-8080"]
九月 27, 2013 12:09:03 上午 org.apache.coyote.AbstractProtocol destroy
INFO: Destroying ProtocolHandler ["ajp-bio-8009"]
九月 27, 2013 11:27:39 上午 org.apache.catalina.core.AprLifecycleListener init
INFO: The APR based Apache Tomcat Native library which allows optimal performance in production environments was not found on the java.library.path: /Users/zengsn/Library/Java/Extensions:/Library/Java/Extensions:/Network/Library/Java/Extensions:/System/Library/Java/Extensions:/usr/lib/java:.
九月 27, 2013 11:27:39 上午 org.apache.coyote.AbstractProtocol init
INFO: Initializing ProtocolHandler ["http-bio-8080"]
九月 27, 2013 11:27:39 上午 org.apache.coyote.AbstractProtocol init
INFO: Initializing ProtocolHandler ["ajp-bio-8009"]
九月 27, 2013 11:27:39 上午 org.apache.catalina.startup.Catalina load
INFO: Initialization processed in 874 ms
九月 27, 2013 11:27:39 上午 org.apache.catalina.core.StandardService startInternal
INFO: Starting service Catalina
九月 27, 2013 11:27:39 上午 org.apache.catalina.core.StandardEngine startInternal
INFO: Starting Servlet Engine: Apache Tomcat/7.0.42
九月 27, 2013 11:27:39 上午 org.apache.catalina.startup.HostConfig deployWAR
INFO: Deploying web application archive /Users/zengsn/Develop/apache-tomcat-7.0.42/webapps/xbus.war
九月 27, 2013 11:27:39 上午 org.apache.catalina.loader.WebappClassLoader validateJarFile
INFO: validateJarFile(/Users/zengsn/Develop/apache-tomcat-7.0.42/webapps/xbus/WEB-INF/lib/servlet-api-2.4.jar) - jar not loaded. See Servlet Spec 2.3, section 9.7.2. Offending class: javax/servlet/Servlet.class
九月 27, 2013 11:27:49 上午 org.apache.catalina.startup.HostConfig deployDirectory
INFO: Deploying web application directory /Users/zengsn/Develop/apache-tomcat-7.0.42/webapps/docs
九月 27, 2013 11:27:49 上午 org.apache.catalina.startup.HostConfig deployDirectory
INFO: Deploying web application directory /Users/zengsn/Develop/apache-tomcat-7.0.42/webapps/examples
九月 27, 2013 11:27:49 上午 org.apache.catalina.startup.HostConfig deployDirectory
INFO: Deploying web application directory /Users/zengsn/Develop/apache-tomcat-7.0.42/webapps/host-manager
九月 27, 2013 11:27:49 上午 org.apache.catalina.startup.HostConfig deployDirectory
INFO: Deploying web application directory /Users/zengsn/Develop/apache-tomcat-7.0.42/webapps/manager
九月 27, 2013 11:27:49 上午 org.apache.catalina.startup.HostConfig deployDirectory
INFO: Deploying web application directory /Users/zengsn/Develop/apache-tomcat-7.0.42/webapps/ROOT
九月 27, 2013 11:27:49 上午 org.apache.coyote.AbstractProtocol start
INFO: Starting ProtocolHandler ["http-bio-8080"]
九月 27, 2013 11:27:49 上午 org.apache.coyote.AbstractProtocol start
INFO: Starting ProtocolHandler ["ajp-bio-8009"]
九月 27, 2013 11:27:49 上午 org.apache.catalina.startup.Catalina start
INFO: Server startup in 9955 ms
九月 27, 2013 11:28:06 上午 org.apache.catalina.core.StandardServer await
INFO: A valid shutdown command was received via the shutdown port. Stopping the Server instance.
九月 27, 2013 11:28:06 上午 org.apache.coyote.AbstractProtocol pause
INFO: Pausing ProtocolHandler ["http-bio-8080"]
九月 27, 2013 11:28:06 上午 org.apache.coyote.AbstractProtocol pause
INFO: Pausing ProtocolHandler ["ajp-bio-8009"]
九月 27, 2013 11:28:06 上午 org.apache.catalina.core.StandardService stopInternal
INFO: Stopping service Catalina
九月 27, 2013 11:28:06 上午 org.apache.catalina.loader.WebappClassLoader clearReferencesJdbc
SEVERE: The web application [/xbus] registered the JDBC driver [com.mysql.jdbc.Driver] but failed to unregister it when the web application was stopped. To prevent a memory leak, the JDBC Driver has been forcibly unregistered.
九月 27, 2013 11:28:06 上午 org.apache.catalina.loader.WebappClassLoader clearReferencesThreads
SEVERE: The web application [/xbus] appears to have started a thread named [Abandoned connection cleanup thread] but has failed to stop it. This is very likely to create a memory leak.
九月 27, 2013 11:28:06 上午 org.apache.coyote.AbstractProtocol stop
INFO: Stopping ProtocolHandler ["http-bio-8080"]
九月 27, 2013 11:28:06 上午 org.apache.coyote.AbstractProtocol stop
INFO: Stopping ProtocolHandler ["ajp-bio-8009"]
九月 27, 2013 11:28:06 上午 org.apache.coyote.AbstractProtocol destroy
INFO: Destroying ProtocolHandler ["http-bio-8080"]
九月 27, 2013 11:28:06 上午 org.apache.coyote.AbstractProtocol destroy
INFO: Destroying ProtocolHandler ["ajp-bio-8009"]
