三月 26, 2014 3:00:03 下午 org.apache.catalina.core.AprLifecycleListener init
INFO: The APR based Apache Tomcat Native library which allows optimal performance in production environments was not found on the java.library.path: /Users/zengsn/Library/Java/Extensions:/Library/Java/Extensions:/Network/Library/Java/Extensions:/System/Library/Java/Extensions:/usr/lib/java:.
三月 26, 2014 3:00:03 下午 org.apache.coyote.AbstractProtocol init
INFO: Initializing ProtocolHandler ["http-bio-8080"]
三月 26, 2014 3:00:03 下午 org.apache.coyote.AbstractProtocol init
INFO: Initializing ProtocolHandler ["ajp-bio-8009"]
三月 26, 2014 3:00:03 下午 org.apache.catalina.startup.Catalina load
INFO: Initialization processed in 882 ms
三月 26, 2014 3:00:03 下午 org.apache.catalina.core.StandardService startInternal
INFO: Starting service Catalina
三月 26, 2014 3:00:03 下午 org.apache.catalina.core.StandardEngine startInternal
INFO: Starting Servlet Engine: Apache Tomcat/7.0.42
三月 26, 2014 3:00:03 下午 org.apache.catalina.startup.HostConfig deployWAR
INFO: Deploying web application archive /Users/zengsn/Develop/apache-tomcat-7.0.42/webapps/xbus.war
三月 26, 2014 3:00:03 下午 org.apache.catalina.loader.WebappClassLoader validateJarFile
INFO: validateJarFile(/Users/zengsn/Develop/apache-tomcat-7.0.42/webapps/xbus/WEB-INF/lib/servlet-api-2.4.jar) - jar not loaded. See Servlet Spec 2.3, section 9.7.2. Offending class: javax/servlet/Servlet.class
三月 26, 2014 3:00:13 下午 org.apache.catalina.startup.HostConfig deployDirectory
INFO: Deploying web application directory /Users/zengsn/Develop/apache-tomcat-7.0.42/webapps/docs
三月 26, 2014 3:00:13 下午 org.apache.catalina.startup.HostConfig deployDirectory
INFO: Deploying web application directory /Users/zengsn/Develop/apache-tomcat-7.0.42/webapps/examples
三月 26, 2014 3:00:13 下午 org.apache.catalina.startup.HostConfig deployDirectory
INFO: Deploying web application directory /Users/zengsn/Develop/apache-tomcat-7.0.42/webapps/host-manager
三月 26, 2014 3:00:13 下午 org.apache.catalina.startup.HostConfig deployDirectory
INFO: Deploying web application directory /Users/zengsn/Develop/apache-tomcat-7.0.42/webapps/manager
三月 26, 2014 3:00:13 下午 org.apache.catalina.startup.HostConfig deployDirectory
INFO: Deploying web application directory /Users/zengsn/Develop/apache-tomcat-7.0.42/webapps/ROOT
三月 26, 2014 3:00:13 下午 org.apache.coyote.AbstractProtocol start
INFO: Starting ProtocolHandler ["http-bio-8080"]
三月 26, 2014 3:00:13 下午 org.apache.coyote.AbstractProtocol start
INFO: Starting ProtocolHandler ["ajp-bio-8009"]
三月 26, 2014 3:00:13 下午 org.apache.catalina.startup.Catalina start
INFO: Server startup in 10212 ms
