?? 19, 2014 6:00:23 ?? org.apache.catalina.core.ApplicationContext log
INFO: ContextListener: contextInitialized()
?? 19, 2014 6:00:23 ?? org.apache.catalina.core.ApplicationContext log
INFO: SessionListener: contextInitialized()
?? 19, 2014 6:00:23 ?? org.apache.catalina.core.ApplicationContext log
INFO: ContextListener: attributeAdded('org.apache.jasper.compiler.TldLocationsCache', 'org.apache.jasper.compiler.TldLocationsCache@65b165c3')
?? 19, 2014 6:05:13 ?? org.apache.catalina.core.ApplicationContext log
INFO: SessionListener: contextDestroyed()
?? 19, 2014 6:05:13 ?? org.apache.catalina.core.ApplicationContext log
INFO: ContextListener: contextDestroyed()
?? 19, 2014 7:57:20 ?? org.apache.catalina.core.ApplicationContext log
INFO: ContextListener: contextInitialized()
?? 19, 2014 7:57:20 ?? org.apache.catalina.core.ApplicationContext log
INFO: SessionListener: contextInitialized()
?? 19, 2014 7:57:20 ?? org.apache.catalina.core.ApplicationContext log
INFO: ContextListener: attributeAdded('org.apache.jasper.compiler.TldLocationsCache', 'org.apache.jasper.compiler.TldLocationsCache@595a37ef')
?? 19, 2014 8:08:00 ?? org.apache.catalina.core.ApplicationContext log
INFO: SessionListener: contextDestroyed()
?? 19, 2014 8:08:00 ?? org.apache.catalina.core.ApplicationContext log
INFO: ContextListener: contextDestroyed()
?? 19, 2014 8:08:09 ?? org.apache.catalina.core.ApplicationContext log
INFO: ContextListener: contextInitialized()
?? 19, 2014 8:08:09 ?? org.apache.catalina.core.ApplicationContext log
INFO: SessionListener: contextInitialized()
?? 19, 2014 8:08:09 ?? org.apache.catalina.core.ApplicationContext log
INFO: ContextListener: attributeAdded('org.apache.jasper.compiler.TldLocationsCache', 'org.apache.jasper.compiler.TldLocationsCache@1170e466')
?? 19, 2014 8:08:48 ?? org.apache.catalina.core.ApplicationContext log
INFO: SessionListener: contextDestroyed()
?? 19, 2014 8:08:48 ?? org.apache.catalina.core.ApplicationContext log
INFO: ContextListener: contextDestroyed()
?? 19, 2014 8:08:54 ?? org.apache.catalina.core.ApplicationContext log
INFO: ContextListener: contextInitialized()
?? 19, 2014 8:08:54 ?? org.apache.catalina.core.ApplicationContext log
INFO: SessionListener: contextInitialized()
?? 19, 2014 8:08:54 ?? org.apache.catalina.core.ApplicationContext log
INFO: ContextListener: attributeAdded('org.apache.jasper.compiler.TldLocationsCache', 'org.apache.jasper.compiler.TldLocationsCache@3bbf1710')
?? 19, 2014 8:10:39 ?? org.apache.catalina.core.ApplicationContext log
INFO: SessionListener: contextDestroyed()
?? 19, 2014 8:10:39 ?? org.apache.catalina.core.ApplicationContext log
INFO: ContextListener: contextDestroyed()
?? 19, 2014 8:10:46 ?? org.apache.catalina.core.ApplicationContext log
INFO: ContextListener: contextInitialized()
?? 19, 2014 8:10:46 ?? org.apache.catalina.core.ApplicationContext log
INFO: SessionListener: contextInitialized()
?? 19, 2014 8:10:46 ?? org.apache.catalina.core.ApplicationContext log
INFO: ContextListener: attributeAdded('org.apache.jasper.compiler.TldLocationsCache', 'org.apache.jasper.compiler.TldLocationsCache@2947bde8')
?? 19, 2014 8:11:01 ?? org.apache.catalina.core.ApplicationContext log
INFO: SessionListener: contextDestroyed()
?? 19, 2014 8:11:01 ?? org.apache.catalina.core.ApplicationContext log
INFO: ContextListener: contextDestroyed()
?? 19, 2014 8:14:12 ?? org.apache.catalina.core.ApplicationContext log
INFO: ContextListener: contextInitialized()
?? 19, 2014 8:14:12 ?? org.apache.catalina.core.ApplicationContext log
INFO: SessionListener: contextInitialized()
?? 19, 2014 8:14:12 ?? org.apache.catalina.core.ApplicationContext log
INFO: ContextListener: attributeAdded('org.apache.jasper.compiler.TldLocationsCache', 'org.apache.jasper.compiler.TldLocationsCache@5c1d8bb9')
?? 19, 2014 8:18:37 ?? org.apache.catalina.core.ApplicationContext log
INFO: SessionListener: contextDestroyed()
?? 19, 2014 8:18:37 ?? org.apache.catalina.core.ApplicationContext log
INFO: ContextListener: contextDestroyed()
?? 19, 2014 8:18:44 ?? org.apache.catalina.core.ApplicationContext log
INFO: ContextListener: contextInitialized()
?? 19, 2014 8:18:44 ?? org.apache.catalina.core.ApplicationContext log
INFO: SessionListener: contextInitialized()
?? 19, 2014 8:18:44 ?? org.apache.catalina.core.ApplicationContext log
INFO: ContextListener: attributeAdded('org.apache.jasper.compiler.TldLocationsCache', 'org.apache.jasper.compiler.TldLocationsCache@2504df84')
?? 19, 2014 8:19:42 ?? org.apache.catalina.core.ApplicationContext log
INFO: SessionListener: contextDestroyed()
?? 19, 2014 8:19:42 ?? org.apache.catalina.core.ApplicationContext log
INFO: ContextListener: contextDestroyed()
?? 19, 2014 8:40:17 ?? org.apache.catalina.core.ApplicationContext log
INFO: ContextListener: contextInitialized()
?? 19, 2014 8:40:17 ?? org.apache.catalina.core.ApplicationContext log
INFO: SessionListener: contextInitialized()
?? 19, 2014 8:40:17 ?? org.apache.catalina.core.ApplicationContext log
INFO: ContextListener: attributeAdded('org.apache.jasper.compiler.TldLocationsCache', 'org.apache.jasper.compiler.TldLocationsCache@c9d8da8')
?? 19, 2014 8:41:17 ?? org.apache.catalina.core.ApplicationContext log
INFO: SessionListener: contextDestroyed()
?? 19, 2014 8:41:17 ?? org.apache.catalina.core.ApplicationContext log
INFO: ContextListener: contextDestroyed()
?? 19, 2014 8:41:24 ?? org.apache.catalina.core.ApplicationContext log
INFO: ContextListener: contextInitialized()
?? 19, 2014 8:41:24 ?? org.apache.catalina.core.ApplicationContext log
INFO: SessionListener: contextInitialized()
?? 19, 2014 8:41:24 ?? org.apache.catalina.core.ApplicationContext log
INFO: ContextListener: attributeAdded('org.apache.jasper.compiler.TldLocationsCache', 'org.apache.jasper.compiler.TldLocationsCache@71c26dad')
?? 19, 2014 8:44:47 ?? org.apache.catalina.core.ApplicationContext log
INFO: SessionListener: contextDestroyed()
?? 19, 2014 8:44:47 ?? org.apache.catalina.core.ApplicationContext log
INFO: ContextListener: contextDestroyed()
?? 19, 2014 8:44:54 ?? org.apache.catalina.core.ApplicationContext log
INFO: ContextListener: contextInitialized()
?? 19, 2014 8:44:54 ?? org.apache.catalina.core.ApplicationContext log
INFO: SessionListener: contextInitialized()
?? 19, 2014 8:44:54 ?? org.apache.catalina.core.ApplicationContext log
INFO: ContextListener: attributeAdded('org.apache.jasper.compiler.TldLocationsCache', 'org.apache.jasper.compiler.TldLocationsCache@2947bde8')
?? 19, 2014 8:50:50 ?? org.apache.catalina.core.ApplicationContext log
INFO: SessionListener: contextDestroyed()
?? 19, 2014 8:50:50 ?? org.apache.catalina.core.ApplicationContext log
INFO: ContextListener: contextDestroyed()
?? 19, 2014 8:50:52 ?? org.apache.catalina.core.ApplicationContext log
INFO: ContextListener: contextInitialized()
?? 19, 2014 8:50:52 ?? org.apache.catalina.core.ApplicationContext log
INFO: SessionListener: contextInitialized()
?? 19, 2014 8:50:52 ?? org.apache.catalina.core.ApplicationContext log
INFO: ContextListener: attributeAdded('org.apache.jasper.compiler.TldLocationsCache', 'org.apache.jasper.compiler.TldLocationsCache@2947bde8')
?? 19, 2014 8:51:37 ?? org.apache.catalina.core.ApplicationContext log
INFO: SessionListener: contextDestroyed()
?? 19, 2014 8:51:37 ?? org.apache.catalina.core.ApplicationContext log
INFO: ContextListener: contextDestroyed()
?? 19, 2014 8:51:39 ?? org.apache.catalina.core.ApplicationContext log
INFO: ContextListener: contextInitialized()
?? 19, 2014 8:51:39 ?? org.apache.catalina.core.ApplicationContext log
INFO: SessionListener: contextInitialized()
?? 19, 2014 8:51:39 ?? org.apache.catalina.core.ApplicationContext log
INFO: ContextListener: attributeAdded('org.apache.jasper.compiler.TldLocationsCache', 'org.apache.jasper.compiler.TldLocationsCache@c9d8da8')
?? 19, 2014 8:52:47 ?? org.apache.catalina.core.ApplicationContext log
INFO: SessionListener: contextDestroyed()
?? 19, 2014 8:52:47 ?? org.apache.catalina.core.ApplicationContext log
INFO: ContextListener: contextDestroyed()
?? 19, 2014 8:52:48 ?? org.apache.catalina.core.ApplicationContext log
INFO: ContextListener: contextInitialized()
?? 19, 2014 8:52:48 ?? org.apache.catalina.core.ApplicationContext log
INFO: SessionListener: contextInitialized()
?? 19, 2014 8:52:48 ?? org.apache.catalina.core.ApplicationContext log
INFO: ContextListener: attributeAdded('org.apache.jasper.compiler.TldLocationsCache', 'org.apache.jasper.compiler.TldLocationsCache@c9d8da8')
?? 19, 2014 8:58:11 ?? org.apache.catalina.core.ApplicationContext log
INFO: SessionListener: contextDestroyed()
?? 19, 2014 8:58:11 ?? org.apache.catalina.core.ApplicationContext log
INFO: ContextListener: contextDestroyed()
